<?xml version="1.0" encoding="UTF-8"?>
<!-- Generated by org.testng.reporters.JUnitReportReporter -->
<testsuite hostname="Meenu" failures="0" tests="1" name="stepsDefinition.Hooks" time="6.191" errors="0" timestamp="2022-01-29T23:19:57 IST" skipped="0">
  <testcase classname="stepsDefinition.Hooks" name="preconditions" time="6.191"/>
  <system-out/>
</testsuite> <!-- stepsDefinition.Hooks -->
