<?xml version="1.0" encoding="UTF-8"?>
<!-- Generated by org.testng.reporters.JUnitReportReporter -->
<testsuite hostname="Meenu" failures="0" tests="1" name="runnerLead.RunnerFINDContact" time="23.657" errors="0" timestamp="2022-01-30T00:07:31 IST" skipped="0">
  <testcase classname="runnerLead.RunnerFINDContact" name="runScenario" time="23.657"/>
  <system-out/>
</testsuite> <!-- runnerLead.RunnerFINDContact -->
