<?xml version="1.0" encoding="UTF-8"?>
<!-- Generated by org.testng.reporters.JUnitReportReporter -->
<testsuite hostname="Meenu" failures="0" tests="1" name="runnerLead.RunnerOGLEAD" time="18.335" errors="0" timestamp="2022-01-29T23:28:06 IST" skipped="0">
  <testcase classname="runnerLead.RunnerOGLEAD" name="runScenario" time="18.335"/>
  <system-out/>
</testsuite> <!-- runnerLead.RunnerOGLEAD -->
